
VAR

in_oxyg = 1 (ENV_VAR) ;
glc = 2 (ENV_VAR) ;
in_aa = 2 (ENV_VAR) ;
in_ag = 1 (ENV_VAR) ;
met = 1 (ENV_VAR) ;
atp = 0 2 ;
oxyg = 0 1 ;
glyc = 0 2 ;
prol = 0 1 ;
plc = 0 1 (self reg) ;
dnc = 0 2 ;
ferm = 0 1 ;
nadh = 0 2 (self reg) ;
krebs = 0 2 ;
phox = 0 1 ;
ros = 0 3 (self reg) ;

REG

phoxa [(phox>=1)]=> atp ;
nopla [(!(prol>=1))]=> atp ;
glyc1 [(glyc>=1)]=> atp ;
glyc2 [(glyc>=2)]=> atp ;
oxygi [(in_oxyg>=1)]=> oxyg ;
phoxo [(!(phox>=1))]=> oxyg ;
cof [((!(atp>=2))&(!(nadh>=2)))]=> glyc ;
nopfk [(!((krebs>=2)&(atp>=1)))]=> glyc ;
glc2 [(glc>=2)]=> glyc ;
glc1 [(glc>=1)]=> glyc ;
aas [(((dnc>=2)&(atp>=1))&(nadh>=2))]=> prol ;
ppp [(((glyc>=1)&(atp>=1))&(dnc>=1))]=> prol ;
lsp [((((krebs>=2)|(dnc>=2))|(in_ag>=1))&(atp>=1))]=> prol ;
ls [((((krebs>=2)|(dnc>=2))|(in_ag>=1))&(atp>=1))]=> plc ;
nobox [(!(((plc>=1)&(!(glyc>=1)))&(!(atp>=1))))]=> plc ;
krebsd [(!(krebs>=2))]=> dnc ;
inaa1 [(in_aa>=1)]=> dnc ;
inaa2 [(in_aa>=2)]=> dnc ;
ep [((((glyc>=1)&(!(oxyg>=1)))|(glyc>=2))&(nadh>=2))]=> ferm ;
gpdh [(glyc>=1)]=> nadh ;
noaas [(!(((dnc>=2)&(atp>=1))&(nadh>=2)))]=> nadh ;
krebsn [(krebs>=1)]=> nadh ;
phoxn [(!(phox>=1))]=> nadh ;
fermn [(!(ferm>=1))]=> nadh ;
got1 [((dnc>=1)&(((in_aa>=2)&(glc>=2))&(in_ag>=1)))]=> nadh ;
pnh [((glyc>=1)&(oxyg>=1))]=> krebs ;
sat [((oxyg>=1)&(((glyc>=1)&(dnc>=2))|(glyc>=2)))]=> krebs ;
box [(((plc>=1)&(!(glyc>=1)))&(!(atp>=1)))]=> krebs ;
pc [(((nadh>=2)&(oxyg>=1))&(!(atp>=2)))]=> phox ;
noglut [(!((((dnc>=2)|(in_aa>=2))&(nadh>=1))&((atp>=1)|(ros>=1))))]=> ros ;
nox [(((phox>=1)|(nadh>=1))&(((in_aa>=2)&(glc>=2))&(in_ag>=1)))]=> ros ;
nogot1 [(!(met>=1))]=> ros ;

PARA

# Parameters for atp

# domains
K_atp = 0;   #  {[0]} [1][2]
K_atp:glyc1 = 0;   #  {[0]} [1][2]
K_atp:nopla = 0;   #  {[0]} [1][2]
K_atp:phoxa = 1;   # [0] {[1]} [2]
K_atp:glyc1:phoxa = 1;   # [0] {[1]} [2]
K_atp:glyc1:glyc2 = 1;   # [0] {[1]} [2]
K_atp:nopla:phoxa = 2;   # [0][1] {[2]} 
K_atp:glyc1:nopla = 2;   # [0][1] {[2]} 
K_atp:glyc1:glyc2:nopla = 2;   # [0][1] {[2]} 
K_atp:glyc1:nopla:phoxa = 2;   # [0][1] {[2]} 
K_atp:glyc1:glyc2:phoxa = 1;   # [0] {[1]} [2]
K_atp:glyc1:glyc2:nopla:phoxa = 2;   # [0][1] {[2]} 
# Snoussi useful constraints:

# Parameters for oxyg

# domains
K_oxyg:oxygi = 1;   # [0] {[1]} 
K_oxyg:oxygi:phoxo = 1;   # [0] {[1]} 
# Snoussi useful constraints:

# Parameters for glyc

# domains
K_glyc:glc1:glc2 = 0;   #  {[0]} [1][2]
K_glyc:cof:glc1:glc2 = 1;   # [0] {[1]} [2]
K_glyc:glc1:glc2:nopfk = 0;   #  {[0]} [1][2]
K_glyc:cof:glc1:glc2:nopfk = 2;   # [0][1] {[2]} 
# Snoussi useful constraints:

# Parameters for prol

# domains
K_prol = 0;   #  {[0]} [1]
K_prol:lsp = 0;   #  {[0]} [1]
K_prol:aas:lsp = 1;   # [0] {[1]} 
K_prol:lsp:ppp = 1;   # [0] {[1]} 
K_prol:aas:lsp:ppp = 1;   # [0] {[1]} 
# Snoussi useful constraints:

# Parameters for plc

# domains
K_plc = 0;   #  {(0)} [1]
K_plc:nobox = 0;   #  {[0]} [1]
K_plc:ls:nobox = 1;   # [0] {[1]} 
# Snoussi useful constraints:

# Parameters for dnc

# domains
K_dnc:inaa1:inaa2 = 2;   # [0][1] {[2]} 
K_dnc:inaa1:inaa2:krebsd = 2;   # [0][1] {[2]} 
# Snoussi useful constraints:

# Parameters for ferm

# domains
K_ferm = 0;   #  {[0]} [1]
K_ferm:ep = 1;   # [0] {[1]} 
# Snoussi useful constraints:

# Parameters for nadh

# domains
K_nadh:got1 = 1;   #  {(0~1)} [2]
K_nadh:noaas = 0;   #  {[0]} [1][2]
K_nadh:fermn:got1 = 1;   #  {(0~1)} [2]
K_nadh:got1:gpdh = 1;   #  {(0~1)} [2]
K_nadh:got1:krebsn = 1;   #  {(0~1)} [2]
K_nadh:got1:noaas = 1;   # [0] {[1]} [2]
K_nadh:got1:phoxn = 1;   #  {(0~1)} [2]
K_nadh:gpdh:noaas = 0;   #  {[0]} [1][2]
K_nadh:krebsn:noaas = 0;   #  {[0]} [1][2]
K_nadh:fermn:noaas = 0;   #  {[0]} [1][2]
K_nadh:noaas:phoxn = 0;   #  {[0]} [1][2]
K_nadh:got1:gpdh:krebsn = 1;   #  {(0~1)} [2]
K_nadh:got1:gpdh:noaas = 1;   # [0] {[1]} [2]
K_nadh:got1:gpdh:phoxn = 1;   #  {(0~1)} [2]
K_nadh:fermn:got1:phoxn = 1;   #  {(0~1)} [2]
K_nadh:got1:krebsn:noaas = 1;   # [0] {[1]} [2]
K_nadh:got1:krebsn:phoxn = 1;   #  {(0~1)} [2]
K_nadh:fermn:gpdh:noaas = 0;   #  {[0]} [1][2]
K_nadh:got1:noaas:phoxn = 1;   # [0] {[1]} [2]
K_nadh:fermn:krebsn:noaas = 0;   #  {[0]} [1][2]
K_nadh:gpdh:krebsn:noaas = 0;   #  {[0]} [1][2]
K_nadh:fermn:got1:gpdh = 1;   #  {(0~1)} [2]
K_nadh:gpdh:noaas:phoxn = 0;   #  {[0]} [1][2]
K_nadh:fermn:noaas:phoxn = 0;   #  {[0]} [1][2]
K_nadh:krebsn:noaas:phoxn = 2;   # [0][1] {[2]} 
K_nadh:fermn:got1:krebsn = 1;   #  {(0~1)} [2]
K_nadh:fermn:got1:noaas = 1;   # [0] {[1]} [2]
K_nadh:fermn:krebsn:noaas:phoxn = 2;   # [0][1] {[2]} 
K_nadh:got1:krebsn:noaas:phoxn = 2;   # [0][1] {[2]} 
K_nadh:fermn:got1:krebsn:phoxn = 1;   #  {(0~1)} [2]
K_nadh:fermn:got1:gpdh:noaas = 1;   # [0] {[1]} [2]
K_nadh:fermn:got1:noaas:phoxn = 1;   # [0] {[1]} [2]
K_nadh:fermn:got1:gpdh:phoxn = 2;   # (0~1) {[2]} 
K_nadh:fermn:gpdh:krebsn:noaas = 2;   # [0][1] {[2]} 
K_nadh:gpdh:krebsn:noaas:phoxn = 2;   # [0][1] {[2]} 
K_nadh:got1:gpdh:krebsn:noaas = 1;   # [0] {[1]} [2]
K_nadh:got1:gpdh:krebsn:phoxn = 1;   #  {(0~1)} [2]
K_nadh:fermn:got1:gpdh:krebsn = 1;   #  {(0~1)} [2]
K_nadh:got1:gpdh:noaas:phoxn = 1;   # [0] {[1]} [2]
K_nadh:fermn:gpdh:noaas:phoxn = 2;   # [0][1] {[2]} 
K_nadh:fermn:got1:krebsn:noaas = 1;   # [0] {[1]} [2]
K_nadh:fermn:got1:gpdh:noaas:phoxn = 2;   # [0][1] {[2]} 
K_nadh:fermn:got1:krebsn:noaas:phoxn = 2;   # [0][1] {[2]} 
K_nadh:fermn:got1:gpdh:krebsn:phoxn = 2;   # (0~1) {[2]} 
K_nadh:fermn:gpdh:krebsn:noaas:phoxn = 2;   # [0][1] {[2]} 
K_nadh:got1:gpdh:krebsn:noaas:phoxn = 2;   # [0][1] {[2]} 
K_nadh:fermn:got1:gpdh:krebsn:noaas = 2;   # [0][1] {[2]} 
K_nadh:fermn:got1:gpdh:krebsn:noaas:phoxn = 2;   # [0][1] {[2]} 
# Snoussi useful constraints:

# Parameters for krebs

# domains
K_krebs = 0;   #  {[0]} [1][2]
K_krebs:box = 0;   #  {[0]} [1][2]
K_krebs:pnh = 1;   # [0] {[1]} [2]
K_krebs:pnh:sat = 2;   # [0][1] {[2]} 
# Snoussi useful constraints:

# Parameters for phox

# domains
K_phox = 0;   #  {[0]} [1]
K_phox:pc = 1;   # [0] {[1]} 
# Snoussi useful constraints:

# Parameters for ros

# domains
K_ros:noglut = 0;   #  {[0]} [1][2][3]
K_ros:nox = 1;   # [0] {[1]} [2][3]
K_ros:noglut:nox = 2;   # [0][1] {[2]} [3]
# Snoussi useful constraints:

NO CTL FORMULA
FAIRCTL
[((((((in_oxyg=1)&(glc=2))&(in_aa=2))&(in_ag=1))&(met=1))->AF(AG((ros=1)))),
]

======================
# Number of effective parameterizations : 1
======================



########### Result of model checking ###########
# Total number of models 1
# Selected models: 1
# Computation time: 45ms
################################################

OK Model #1
   K_atp : 0
   K_atp:glyc1 : 0
   K_atp:nopla : 0
   K_atp:phoxa : 1
   K_atp:glyc1:phoxa : 1
   K_atp:glyc1:glyc2 : 1
   K_atp:nopla:phoxa : 2
   K_atp:glyc1:nopla : 2
   K_atp:glyc1:glyc2:nopla : 2
   K_atp:glyc1:nopla:phoxa : 2
   K_atp:glyc1:glyc2:phoxa : 1
   K_atp:glyc1:glyc2:nopla:phoxa : 2
   K_oxyg:oxygi : 1
   K_oxyg:oxygi:phoxo : 1
   K_glyc:glc1:glc2 : 0
   K_glyc:cof:glc1:glc2 : 1
   K_glyc:glc1:glc2:nopfk : 0
   K_glyc:cof:glc1:glc2:nopfk : 2
   K_prol : 0
   K_prol:lsp : 0
   K_prol:aas:lsp : 1
   K_prol:lsp:ppp : 1
   K_prol:aas:lsp:ppp : 1
   K_plc : 0
   K_plc:nobox : 0
   K_plc:ls:nobox : 1
   K_dnc:inaa1:inaa2 : 2
   K_dnc:inaa1:inaa2:krebsd : 2
   K_ferm : 0
   K_ferm:ep : 1
   K_nadh:got1 : 0
   K_nadh:noaas : 0
   K_nadh:fermn:got1 : 0
   K_nadh:got1:gpdh : 0
   K_nadh:got1:krebsn : 0
   K_nadh:got1:noaas : 1
   K_nadh:got1:phoxn : 0
   K_nadh:gpdh:noaas : 0
   K_nadh:krebsn:noaas : 0
   K_nadh:fermn:noaas : 0
   K_nadh:noaas:phoxn : 0
   K_nadh:got1:gpdh:krebsn : 0
   K_nadh:got1:gpdh:noaas : 1
   K_nadh:got1:gpdh:phoxn : 0
   K_nadh:fermn:got1:phoxn : 0
   K_nadh:got1:krebsn:noaas : 1
   K_nadh:got1:krebsn:phoxn : 0
   K_nadh:fermn:gpdh:noaas : 0
   K_nadh:got1:noaas:phoxn : 1
   K_nadh:fermn:krebsn:noaas : 0
   K_nadh:gpdh:krebsn:noaas : 0
   K_nadh:fermn:got1:gpdh : 0
   K_nadh:gpdh:noaas:phoxn : 0
   K_nadh:fermn:noaas:phoxn : 0
   K_nadh:krebsn:noaas:phoxn : 2
   K_nadh:fermn:got1:krebsn : 0
   K_nadh:fermn:got1:noaas : 1
   K_nadh:fermn:krebsn:noaas:phoxn : 2
   K_nadh:got1:krebsn:noaas:phoxn : 2
   K_nadh:fermn:got1:krebsn:phoxn : 0
   K_nadh:fermn:got1:gpdh:noaas : 1
   K_nadh:fermn:got1:noaas:phoxn : 1
   K_nadh:fermn:got1:gpdh:phoxn : 2
   K_nadh:fermn:gpdh:krebsn:noaas : 2
   K_nadh:gpdh:krebsn:noaas:phoxn : 2
   K_nadh:got1:gpdh:krebsn:noaas : 1
   K_nadh:got1:gpdh:krebsn:phoxn : 0
   K_nadh:fermn:got1:gpdh:krebsn : 0
   K_nadh:got1:gpdh:noaas:phoxn : 1
   K_nadh:fermn:gpdh:noaas:phoxn : 2
   K_nadh:fermn:got1:krebsn:noaas : 1
   K_nadh:fermn:got1:gpdh:noaas:phoxn : 2
   K_nadh:fermn:got1:krebsn:noaas:phoxn : 2
   K_nadh:fermn:got1:gpdh:krebsn:phoxn : 2
   K_nadh:fermn:gpdh:krebsn:noaas:phoxn : 2
   K_nadh:got1:gpdh:krebsn:noaas:phoxn : 2
   K_nadh:fermn:got1:gpdh:krebsn:noaas : 2
   K_nadh:fermn:got1:gpdh:krebsn:noaas:phoxn : 2
   K_krebs : 0
   K_krebs:box : 0
   K_krebs:pnh : 1
   K_krebs:pnh:sat : 2
   K_phox : 0
   K_phox:pc : 1
   K_ros:noglut : 0
   K_ros:nox : 1
   K_ros:noglut:nox : 2


########## KO models #########

